2025-02-27 07:42:58,135 - INFO - [{"message_id":242291793,"user_id":3415,"user":"patrickpolicarpio08@gmail.com","account_id":3280,"account":"NoahDev","recipient":"639620636535","message":"Good day \n This is a test sms from JCFA Server \n Thank you!","sender_name":"JCFAAMS","network":"Unknown","status":"Pending","type":"Single","source":"Api","created_at":"2025-02-27 15:42:57","updated_at":"2025-02-27 15:42:57"}]
2025-04-09 14:04:14,295 - INFO - Will watch for changes in these directories: ['C:\\Users\\patri\\OneDrive\\Desktop\\My Projects\\Freelance\\JCFA\\jcfa-backend-api']
2025-04-09 14:04:14,297 - INFO - Uvicorn running on http://127.0.0.1:8000 (Press CTRL+C to quit)
2025-04-09 14:04:14,298 - INFO - Started reloader process [21092] using WatchFiles
2025-04-09 14:04:15,713 - INFO - Started server process [28296]
2025-04-09 14:04:15,715 - INFO - Waiting for application startup.
2025-04-09 14:04:15,717 - INFO - Application startup complete.
2025-04-09 14:05:04,300 - INFO - 1 change detected
2025-04-09 14:05:33,972 - INFO - 1 change detected
2025-04-09 14:05:33,972 - WARNING - WatchFiles detected changes in 'src\modules\students\students_controller.py'. Reloading...
2025-04-09 14:06:23,719 - INFO - Shutting down
2025-04-09 14:06:23,829 - INFO - Waiting for application shutdown.
2025-04-09 14:06:23,830 - INFO - Application shutdown complete.
2025-04-09 14:06:23,831 - INFO - Finished server process [28296]
2025-04-09 14:06:24,489 - INFO - 4 changes detected
2025-04-09 14:06:24,489 - WARNING - WatchFiles detected changes in 'src\modules\sections\sections_controller.py', 'src\modules\notifications\notifications_controller.py', 'src\modules\user_roles\user_roles_controller.py'. Reloading...
2025-04-09 14:06:25,680 - INFO - Started server process [24104]
2025-04-09 14:06:25,683 - INFO - Waiting for application startup.
2025-04-09 14:06:25,684 - INFO - Application startup complete.
2025-04-09 14:06:25,740 - ERROR - Traceback (most recent call last):
  File "C:\Users\patri\AppData\Local\Programs\Python\Python311\Lib\asyncio\runners.py", line 118, in run
    return self._loop.run_until_complete(task)
           ^^^^^^^^^^^^^^^^^^^^^^^^^^^^^^^^^^^
  File "C:\Users\patri\AppData\Local\Programs\Python\Python311\Lib\asyncio\base_events.py", line 654, in run_until_complete
    return future.result()
           ^^^^^^^^^^^^^^^
asyncio.exceptions.CancelledError

During handling of the above exception, another exception occurred:

Traceback (most recent call last):
  File "C:\Users\patri\AppData\Local\Programs\Python\Python311\Lib\asyncio\runners.py", line 190, in run
    return runner.run(main)
           ^^^^^^^^^^^^^^^^
  File "C:\Users\patri\AppData\Local\Programs\Python\Python311\Lib\asyncio\runners.py", line 123, in run
    raise KeyboardInterrupt()
KeyboardInterrupt

During handling of the above exception, another exception occurred:

Traceback (most recent call last):
  File "C:\Users\patri\OneDrive\Desktop\My Projects\Freelance\JCFA\jcfa-backend-api\.venv\Lib\site-packages\starlette\routing.py", line 700, in lifespan
    await receive()
  File "C:\Users\patri\OneDrive\Desktop\My Projects\Freelance\JCFA\jcfa-backend-api\.venv\Lib\site-packages\uvicorn\lifespan\on.py", line 137, in receive
    return await self.receive_queue.get()
           ^^^^^^^^^^^^^^^^^^^^^^^^^^^^^^
  File "C:\Users\patri\AppData\Local\Programs\Python\Python311\Lib\asyncio\queues.py", line 158, in get
    await getter
asyncio.exceptions.CancelledError

2025-04-09 14:06:26,639 - INFO - 21 changes detected
2025-04-09 14:06:27,612 - INFO - Started server process [11932]
2025-04-09 14:06:27,614 - INFO - Waiting for application startup.
2025-04-09 14:06:27,615 - INFO - Application startup complete.
2025-04-09 14:06:28,553 - INFO - 1 change detected
2025-04-09 14:06:28,911 - INFO - 1 change detected
2025-04-09 14:06:29,269 - INFO - 1 change detected
2025-04-09 14:06:29,625 - INFO - 1 change detected
2025-04-09 14:06:29,986 - INFO - 1 change detected
2025-04-09 14:06:30,343 - INFO - 1 change detected
2025-04-09 14:06:30,703 - INFO - 1 change detected
2025-04-09 14:06:31,062 - INFO - 1 change detected
2025-04-09 14:06:31,420 - INFO - 1 change detected
2025-04-09 14:06:31,777 - INFO - 1 change detected
2025-04-09 14:06:32,138 - INFO - 1 change detected
2025-04-09 14:06:32,496 - INFO - 1 change detected
2025-04-09 14:06:32,853 - INFO - 1 change detected
2025-04-09 14:06:33,210 - INFO - 1 change detected
2025-04-09 14:06:33,569 - INFO - 1 change detected
2025-04-09 14:06:33,925 - INFO - 1 change detected
2025-04-09 14:06:34,284 - INFO - 1 change detected
2025-04-09 14:06:34,642 - INFO - 1 change detected
2025-04-09 14:06:35,001 - INFO - 1 change detected
2025-04-09 14:06:35,362 - INFO - 1 change detected
2025-04-09 14:06:35,724 - INFO - 1 change detected
2025-04-09 14:06:36,081 - INFO - 2 changes detected
2025-04-09 14:06:36,442 - INFO - 1 change detected
2025-04-09 14:06:36,805 - INFO - 1 change detected
2025-04-09 14:06:37,167 - INFO - 1 change detected
2025-04-09 14:06:37,527 - INFO - 1 change detected
2025-04-09 14:06:37,890 - INFO - 1 change detected
2025-04-09 14:06:38,250 - INFO - 1 change detected
2025-04-09 14:06:38,610 - INFO - 1 change detected
2025-04-09 14:06:38,968 - INFO - 1 change detected
2025-04-09 14:06:39,329 - INFO - 1 change detected
2025-04-09 14:06:39,689 - INFO - 1 change detected
2025-04-09 14:06:40,048 - INFO - 1 change detected
2025-04-09 14:06:40,407 - INFO - 1 change detected
2025-04-09 14:06:40,765 - INFO - 1 change detected
2025-04-09 14:06:41,120 - INFO - 1 change detected
2025-04-09 14:06:41,479 - INFO - 1 change detected
2025-04-09 14:06:41,840 - INFO - 1 change detected
2025-04-09 14:06:42,199 - INFO - 1 change detected
2025-04-09 14:06:42,557 - INFO - 1 change detected
2025-04-09 14:06:42,916 - INFO - 1 change detected
2025-04-09 14:06:43,272 - INFO - 1 change detected
2025-04-09 14:06:43,631 - INFO - 1 change detected
2025-04-09 14:06:43,989 - INFO - 1 change detected
2025-04-09 14:06:44,345 - INFO - 1 change detected
2025-04-09 14:06:44,704 - INFO - 1 change detected
2025-04-09 14:06:45,062 - INFO - 4 changes detected
2025-04-09 14:06:45,062 - WARNING - WatchFiles detected changes in 'src\modules\user_roles\user_roles_controller.py', 'src\modules\sections\sections_controller.py', 'src\modules\students\students_controller.py'. Reloading...
2025-04-09 14:06:57,234 - INFO - Shutting down
2025-04-09 14:06:57,343 - INFO - Waiting for application shutdown.
2025-04-09 14:06:57,344 - INFO - Application shutdown complete.
2025-04-09 14:06:57,344 - INFO - Finished server process [11932]
2025-04-09 14:06:58,253 - INFO - 1 change detected
2025-04-09 14:06:58,609 - INFO - 1 change detected
2025-04-09 14:06:58,971 - INFO - 1 change detected
2025-04-09 14:06:59,163 - INFO - Started server process [7952]
2025-04-09 14:06:59,165 - INFO - Waiting for application startup.
2025-04-09 14:06:59,166 - INFO - Application startup complete.
2025-04-09 14:06:59,332 - INFO - 1 change detected
2025-04-09 14:06:59,693 - INFO - 1 change detected
2025-04-09 14:07:00,048 - INFO - 1 change detected
2025-04-09 14:07:00,407 - INFO - 1 change detected
2025-04-09 14:07:00,765 - INFO - 35 changes detected
2025-04-09 14:07:01,122 - INFO - 1 change detected
2025-04-09 14:07:01,482 - INFO - 1 change detected
2025-04-09 14:07:01,842 - INFO - 1 change detected
2025-04-09 14:07:02,204 - INFO - 1 change detected
2025-04-09 14:07:02,565 - INFO - 1 change detected
2025-04-09 14:07:02,923 - INFO - 1 change detected
2025-04-09 14:07:03,280 - INFO - 1 change detected
2025-04-09 14:07:03,637 - INFO - 1 change detected
2025-04-09 14:07:03,995 - INFO - 1 change detected
2025-04-09 14:07:04,352 - INFO - 1 change detected
2025-04-09 14:07:04,711 - INFO - 1 change detected
2025-04-09 14:07:05,072 - INFO - 1 change detected
2025-04-09 14:07:05,432 - INFO - 1 change detected
2025-04-09 14:07:05,790 - INFO - 1 change detected
2025-04-09 14:07:06,198 - INFO - 59 changes detected
2025-04-09 14:07:06,556 - INFO - 2 changes detected
2025-04-09 14:07:06,912 - INFO - 1 change detected
2025-04-09 14:07:07,271 - INFO - 1 change detected
2025-04-09 14:07:07,628 - INFO - 1 change detected
2025-04-09 14:07:07,989 - INFO - 1 change detected
2025-04-09 14:07:08,348 - INFO - 1 change detected
2025-04-09 14:07:08,706 - INFO - 1 change detected
2025-04-09 14:07:09,064 - INFO - 1 change detected
2025-04-09 14:07:09,423 - INFO - 1 change detected
2025-04-09 14:07:09,781 - INFO - 1 change detected
2025-04-09 14:07:10,140 - INFO - 1 change detected
2025-04-09 14:07:10,499 - INFO - 1 change detected
2025-04-09 14:07:10,857 - INFO - 1 change detected
2025-04-09 14:07:11,214 - INFO - 1 change detected
2025-04-09 14:07:11,573 - INFO - 1 change detected
2025-04-09 14:07:11,933 - INFO - 1 change detected
2025-04-09 14:07:12,288 - INFO - 1 change detected
2025-04-09 14:07:12,647 - INFO - 1 change detected
2025-04-09 14:07:13,007 - INFO - 1 change detected
2025-04-09 14:07:13,362 - INFO - 1 change detected
2025-04-09 14:07:13,721 - INFO - 1 change detected
2025-04-09 14:07:14,078 - INFO - 1 change detected
2025-04-09 14:07:14,437 - INFO - 1 change detected
2025-04-09 14:07:14,794 - INFO - 1 change detected
2025-04-09 14:07:15,156 - INFO - 1 change detected
2025-04-09 14:07:15,518 - INFO - 1 change detected
2025-04-09 14:07:15,876 - INFO - 1 change detected
2025-04-09 14:07:16,235 - INFO - 1 change detected
2025-04-09 14:07:16,589 - INFO - 1 change detected
2025-04-09 14:07:16,947 - INFO - 1 change detected
2025-04-09 14:07:17,307 - INFO - 1 change detected
2025-04-09 14:07:17,666 - INFO - 1 change detected
2025-04-09 14:07:18,025 - INFO - 1 change detected
2025-04-09 14:07:18,383 - INFO - 1 change detected
2025-04-09 14:07:18,742 - INFO - 1 change detected
2025-04-09 14:07:19,101 - INFO - 1 change detected
2025-04-09 14:07:19,461 - INFO - 1 change detected
2025-04-09 14:07:19,817 - INFO - 1 change detected
2025-04-09 14:07:20,171 - INFO - 1 change detected
2025-04-09 14:07:20,532 - INFO - 1 change detected
2025-04-09 14:07:20,890 - INFO - 1 change detected
2025-04-09 14:07:21,250 - INFO - 1 change detected
2025-04-09 14:07:21,609 - INFO - 1 change detected
2025-04-09 14:07:21,966 - INFO - 1 change detected
2025-04-09 14:07:22,325 - INFO - 1 change detected
2025-04-09 14:07:22,684 - INFO - 1 change detected
2025-04-09 14:07:23,045 - INFO - 1 change detected
2025-04-09 14:07:23,405 - INFO - 1 change detected
2025-04-09 14:07:23,766 - INFO - 1 change detected
2025-04-09 14:07:24,123 - INFO - 1 change detected
2025-04-09 14:07:24,480 - INFO - 2 changes detected
2025-04-09 14:07:24,845 - INFO - 1 change detected
2025-04-09 14:07:25,203 - INFO - 1 change detected
2025-04-09 14:07:25,562 - INFO - 112 changes detected
2025-04-09 14:07:25,973 - INFO - 97 changes detected
2025-04-09 14:07:25,974 - WARNING - WatchFiles detected changes in 'src\constants\errors_constant.py', 'src\utils\logging_utils\sms.py', 'src\config\settings.py', 'src\constants\mail_constant.py', 'src\modules\notifications\notifications_controller.py', 'src\modules\notifications\notifications_service.py', 'src\utils\logging_utils.py'. Reloading...
2025-04-09 14:07:28,877 - INFO - Shutting down
2025-04-09 14:07:28,987 - INFO - Waiting for application shutdown.
2025-04-09 14:07:28,988 - INFO - Application shutdown complete.
2025-04-09 14:07:28,988 - INFO - Finished server process [7952]
2025-04-09 14:07:29,756 - INFO - 3 changes detected
2025-04-09 14:07:30,215 - INFO - 5 changes detected
2025-04-09 14:07:31,623 - INFO - 1 change detected
2025-04-09 14:07:31,987 - INFO - 1 change detected
2025-04-09 14:07:32,347 - INFO - 1 change detected
2025-04-09 14:07:32,706 - INFO - 1 change detected
2025-04-09 14:07:33,062 - INFO - 1 change detected
2025-04-09 14:07:33,421 - INFO - 1 change detected
2025-04-09 14:07:33,777 - INFO - 1 change detected
2025-04-09 14:07:34,134 - INFO - 1 change detected
2025-04-09 14:07:34,495 - INFO - 2 changes detected
2025-04-09 14:07:34,495 - WARNING - WatchFiles detected changes in 'src\modules\notifications\notifications_controller.py'. Reloading...
2025-04-09 14:07:34,853 - INFO - 1 change detected
2025-04-09 14:07:35,212 - INFO - 1 change detected
2025-04-09 14:07:35,574 - INFO - 1 change detected
2025-04-09 14:07:35,937 - INFO - 1 change detected
2025-04-09 14:07:36,291 - INFO - 1 change detected
2025-04-09 14:07:36,649 - INFO - 1 change detected
2025-04-09 14:07:37,008 - INFO - 1 change detected
2025-04-09 14:07:37,367 - INFO - 11 changes detected
2025-04-09 14:07:37,778 - INFO - 1 change detected
2025-04-09 14:07:38,131 - INFO - 1 change detected
2025-04-09 14:07:38,488 - INFO - 1 change detected
2025-04-09 14:07:38,847 - INFO - 1 change detected
2025-04-09 14:07:39,206 - INFO - 1 change detected
2025-04-09 14:07:39,562 - INFO - 1 change detected
2025-04-09 14:07:39,920 - INFO - 1 change detected
2025-04-09 14:07:40,276 - INFO - 1 change detected
2025-04-09 14:07:40,636 - INFO - 1 change detected
2025-04-09 14:07:40,994 - INFO - 1 change detected
2025-04-09 14:07:41,354 - INFO - 1 change detected
2025-04-09 14:07:41,713 - INFO - 1 change detected
2025-04-09 14:07:42,073 - INFO - 1 change detected
2025-04-09 14:07:42,431 - INFO - 6 changes detected
2025-04-09 14:07:42,785 - INFO - 1 change detected
2025-04-09 14:07:43,146 - INFO - 1 change detected
2025-04-09 14:07:43,502 - INFO - 1 change detected
2025-04-09 14:07:43,858 - INFO - 1 change detected
2025-04-09 14:07:44,216 - INFO - 1 change detected
2025-04-09 14:07:44,573 - INFO - 1 change detected
2025-04-09 14:07:44,933 - INFO - 1 change detected
2025-04-09 14:07:45,292 - INFO - 1 change detected
2025-04-09 14:07:45,650 - INFO - 1 change detected
2025-04-09 14:07:46,010 - INFO - 1 change detected
